Arguments: 
  /Users/chineduokorie/.nvm/versions/node/v18.9.0/bin/node /Users/chineduokorie/.nvm/versions/node/v18.9.0/bin/yarn install

PATH: 
  /Users/chineduokorie/.nvm/versions/node/v18.9.0/bin:/opt/homebrew/bin:/opt/homebrew/sbin:/usr/local/bin:/System/Cryptexes/App/usr/bin:/usr/bin:/bin:/usr/sbin:/sbin:/usr/local/go/bin:/Library/Apple/usr/bin:/Users/chineduokorie/.nvm/versions/node/v18.9.0/bin:/opt/homebrew/bin:/opt/homebrew/sbin

Yarn version: 
  1.22.19

Node version: 
  18.9.0

Platform: 
  darwin arm64

Trace: 
  SyntaxError: /Users/chineduokorie/Documents/GBT/build/package.json: Unexpected token } in JSON at position 383
      at JSON.parse (<anonymous>)
      at /Users/chineduokorie/.nvm/versions/node/v18.9.0/lib/node_modules/yarn/lib/cli.js:1629:59
      at Generator.next (<anonymous>)
      at step (/Users/chineduokorie/.nvm/versions/node/v18.9.0/lib/node_modules/yarn/lib/cli.js:310:30)
      at /Users/chineduokorie/.nvm/versions/node/v18.9.0/lib/node_modules/yarn/lib/cli.js:321:13

npm manifest: 
  {
    "name": "landji-fe",
    "version": "0.1.0",
    "private": true,
    "scripts": {
      "dev": "NODE_ENV=production node ./server.js",
      "build": "next build",
      "start": "next start",
      "lint": "next lint",
      "export": "next build && next export"
    },
    "dependencies": {
      
      "address": "^1.2.2",
      "chalk": "4.1.2",
      "dotenv": "^16.0.3",
      "express": "^4.18.2",
    },
    "devDependencies": {}
  }

yarn manifest: 
  No manifest

Lockfile: 
  No lockfile
